<?xml version="1.0" encoding="UTF-8"?>
<!-- Generated by org.testng.reporters.JUnitReportReporter -->
<testsuite skipped="0" hostname="Lenovo-PC" name="testcases.TC002_RegistrationTestCase" tests="3" failures="0" timestamp="2020-12-01T08:30:06 IST" time="24.440" errors="0">
  <testcase name="registrationWithMandatoryFields" time="10.685" classname="testcases.TC002_RegistrationTestCase"/>
  <system-out/>
  <testcase name="registrationWithMandatoryFields" time="6.514" classname="testcases.TC002_RegistrationTestCase"/>
  <system-out/>
  <testcase name="registrationWithMandatoryFields" time="7.241" classname="testcases.TC002_RegistrationTestCase"/>
  <system-out/>
</testsuite> <!-- testcases.TC002_RegistrationTestCase -->
